<?xml version="1.0" encoding="UTF-8"?>
<robot generated="20170407 23:28:54.796" generator="Robot 3.0 (Python 2.7.12 on win32)">
<suite source="C:\automation\robot_scripts\demo\create-doc.robot" id="s1" name="Create-Doc">
<kw type="setup" name="Begin Web Case">
<kw name="Open Browser" library="Selenium2Library">
<doc>Opens a new browser instance to given URL.</doc>
<arguments>
<arg>about:blank</arg>
<arg>chrome</arg>
</arguments>
<msg timestamp="20170407 23:28:54.899" level="INFO">Opening browser 'chrome' to base url 'about:blank'</msg>
<status status="PASS" endtime="20170407 23:28:58.725" starttime="20170407 23:28:54.899"></status>
</kw>
<kw name="Maximize Browser Window" library="Selenium2Library">
<doc>Maximizes current browser window.</doc>
<status status="PASS" endtime="20170407 23:28:59.908" starttime="20170407 23:28:58.725"></status>
</kw>
<status status="PASS" endtime="20170407 23:28:59.908" starttime="20170407 23:28:54.899"></status>
</kw>
<test id="s1-t1" name="Log in">
<kw name="Go To" library="Selenium2Library">
<doc>Navigates the active browser instance to the provided URL.</doc>
<arguments>
<arg>http://localhost/SuiteCRM</arg>
</arguments>
<msg timestamp="20170407 23:28:59.908" level="INFO">Opening url 'http://localhost/SuiteCRM'</msg>
<status status="PASS" endtime="20170407 23:29:00.933" starttime="20170407 23:28:59.908"></status>
</kw>
<kw name="Wait Until Page Contains Element" library="Selenium2Library">
<doc>Waits until element specified with `locator` appears on current page.</doc>
<arguments>
<arg>user_name</arg>
</arguments>
<status status="PASS" endtime="20170407 23:29:00.975" starttime="20170407 23:29:00.935"></status>
</kw>
<kw name="Input Text" library="Selenium2Library">
<doc>Types the given `text` into text field identified by `locator`.</doc>
<arguments>
<arg>user_name</arg>
<arg>${USER}</arg>
</arguments>
<msg timestamp="20170407 23:29:00.976" level="INFO">Typing text 'maimit' into text field 'user_name'</msg>
<status status="PASS" endtime="20170407 23:29:01.083" starttime="20170407 23:29:00.975"></status>
</kw>
<kw name="Input Text" library="Selenium2Library">
<doc>Types the given `text` into text field identified by `locator`.</doc>
<arguments>
<arg>user_password</arg>
<arg>${PASSWORD}</arg>
</arguments>
<msg timestamp="20170407 23:29:01.084" level="INFO">Typing text '123456' into text field 'user_password'</msg>
<status status="PASS" endtime="20170407 23:29:01.196" starttime="20170407 23:29:01.083"></status>
</kw>
<kw name="Wait Until Element Is Visible" library="Selenium2Library">
<doc>Waits until element specified with `locator` is visible.</doc>
<arguments>
<arg>name=Login</arg>
</arguments>
<status status="PASS" endtime="20170407 23:29:01.239" starttime="20170407 23:29:01.197"></status>
</kw>
<kw name="Click Button" library="Selenium2Library">
<doc>Clicks a button identified by `locator`.</doc>
<arguments>
<arg>name=Login</arg>
</arguments>
<msg timestamp="20170407 23:29:01.240" level="INFO">Clicking button 'name=Login'.</msg>
<status status="PASS" endtime="20170407 23:29:03.303" starttime="20170407 23:29:01.240"></status>
</kw>
<status status="PASS" endtime="20170407 23:29:03.304" critical="yes" starttime="20170407 23:28:59.908"></status>
</test>
<test id="s1-t2" name="Create document">
<kw name="Wait Until Page Contains" library="Selenium2Library">
<doc>Waits until `text` appears on current page.</doc>
<arguments>
<arg>CREATE</arg>
<arg>10</arg>
</arguments>
<status status="PASS" endtime="20170407 23:29:03.387" starttime="20170407 23:29:03.308"></status>
</kw>
<kw name="Mouse Over" library="Selenium2Library">
<doc>Simulates hovering mouse over the element specified by `locator`.</doc>
<arguments>
<arg>quickcreatetop</arg>
</arguments>
<msg timestamp="20170407 23:29:03.389" level="INFO">Simulating Mouse Over on element 'quickcreatetop'</msg>
<status status="PASS" endtime="20170407 23:29:03.446" starttime="20170407 23:29:03.388"></status>
</kw>
<kw name="Wait Until Page Contains" library="Selenium2Library">
<doc>Waits until `text` appears on current page.</doc>
<arguments>
<arg>Create Document</arg>
</arguments>
<status status="PASS" endtime="20170407 23:29:03.479" starttime="20170407 23:29:03.447"></status>
</kw>
<kw name="Click Link" library="Selenium2Library">
<doc>Clicks a link identified by locator.</doc>
<arguments>
<arg>xpath=//*[@id="quickcreatetop"]/ul/li[5]/a</arg>
</arguments>
<msg timestamp="20170407 23:29:03.480" level="INFO">Clicking link 'xpath=//*[@id="quickcreatetop"]/ul/li[5]/a'.</msg>
<kw name="Capture Page Screenshot" library="Selenium2Library">
<doc>Takes a screenshot of the current page and embeds it into the log.</doc>
<msg timestamp="20170407 23:29:03.722" html="yes" level="INFO">&lt;/td&gt;&lt;/tr&gt;&lt;tr&gt;&lt;td colspan="3"&gt;&lt;a href="selenium-screenshot-1.png"&gt;&lt;img src="selenium-screenshot-1.png" width="800px"&gt;&lt;/a&gt;</msg>
<status status="PASS" endtime="20170407 23:29:03.722" starttime="20170407 23:29:03.560"></status>
</kw>
<msg timestamp="20170407 23:29:03.725" level="FAIL">ElementNotVisibleException: Message: element not visible
  (Session info: chrome=57.0.2987.133)
  (Driver info: chromedriver=2.29.461591 (62ebf098771772160f391d75e589dc567915b233),platform=Windows NT 6.1.7601 SP1 x86_64)
</msg>
<status status="FAIL" endtime="20170407 23:29:03.725" starttime="20170407 23:29:03.479"></status>
</kw>
<status status="FAIL" endtime="20170407 23:29:03.726" critical="yes" starttime="20170407 23:29:03.306">ElementNotVisibleException: Message: element not visible
  (Session info: chrome=57.0.2987.133)
  (Driver info: chromedriver=2.29.461591 (62ebf098771772160f391d75e589dc567915b233),platform=Windows NT 6.1.7601 SP1 x86_64)
</status>
</test>
<kw type="teardown" name="End Web Case">
<kw name="Close Browser" library="Selenium2Library">
<doc>Closes the current browser.</doc>
<status status="PASS" endtime="20170407 23:29:06.789" starttime="20170407 23:29:03.728"></status>
</kw>
<status status="PASS" endtime="20170407 23:29:06.790" starttime="20170407 23:29:03.728"></status>
</kw>
<status status="FAIL" endtime="20170407 23:29:06.790" starttime="20170407 23:28:54.799"></status>
</suite>
<statistics>
<total>
<stat fail="1" pass="1">Critical Tests</stat>
<stat fail="1" pass="1">All Tests</stat>
</total>
<tag>
</tag>
<suite>
<stat fail="1" id="s1" name="Create-Doc" pass="1">Create-Doc</stat>
</suite>
</statistics>
<errors>
</errors>
</robot>
